<?xml version="1.0" encoding="UTF-8"?>
<testsuite xmlns:xsi="http://www.w3.org/2001/XMLSchema-instance" xsi:noNamespaceSchemaLocation="https://maven.apache.org/surefire/maven-surefire-plugin/xsd/surefire-test-report-3.0.xsd" version="3.0" name="cucumber.Options.TestRunner" time="8.213" tests="2" errors="0" skipped="0" failures="0">
  <properties>
[...]
</properties>
  <testcase name="Testing of End to Product Cycle: Login Create and Delete #1" classname="Testing of Ecommerce REST APIs # https://rahulshettyacademy.com/client/auth/login" time="3.939">
    <system-out><![CDATA[664d57f1a86f8f74dceb8442 has logged in successfully
]]></system-out>
  </testcase>
  <testcase name="Testing of End to Product Cycle: Login Create and Delete #2" classname="Testing of Ecommerce REST APIs # https://rahulshettyacademy.com/client/auth/login" time="3.864">
    <system-out><![CDATA[664d59a4a86f8f74dceb85a0 has logged in successfully
]]></system-out>
  </testcase>
</testsuite>